bbaba
aaababb
abbaaabbb
b
aaaabab
babbbaaaaa
abbb
a
bba
a
bbaaa
abaabbb
a
baaa
bbbaabbaa
bbaaaababbaaaba
aab
aaaaaaabaab
a
a
b
a
aaaaabb
a
a
a
aaaaaab
a
aaaab
a
aabbb
aaabbbabab
aabaaaaaabb
bbaaaaaaaabbaba
bababbbaaaa
abaaabaabb
bbbaaa
a
ab
aaababab
aabaabbbbab
aab
aababbbaabbbb
babbbaaaaa
aaaaaabaab
aaabbbabbbb
aaabab
abbb
ababbb
abaaaaaababbb
baabbbaaaaa
aabaaabaaabbb
ababb
bbbbbbbaaa
bbabaabbaaaaa
bababaaaaa
aaaaaababaabbbb
baabbaaaa
abbbaabbbbb
babbaa
aaaabb
abbb
aababbaabaabb
a
aaaaaabbab
aababababb
a
aaaaab
bababbbbaa
a
a
aabbaababb
abbbbbbb
bbbabbbaababa
b
aaaababb
a
bbaaaa
bbbbbbabaa
aaabbb
ab
aabbbb
aaabbbababaab
aab
bbabbaabaa
bbaa
baaa
ababbaaababbb
abaabaabbb
aab
aaaaabbbabbb
a
a
babbabbaabaa
bbabbaa
abbaabbb
aaaaaab
bbbabbabaaa
a
a
