babaaaaa
bbaaa
a
bbabbabbaa
bba
abaabb
abb
aaaaabb
babbababbaaaa
bbbbbaa
bababbabaaa
babbbaaaaa
a
abbabaabbbb
a
aaabbbb
aababbbab
b
bbabaaba
abbb
a
bbba
baa
abb
ab
aaaaabb
aab
a
bbabaaba
aaabaaaabab
aaaabbbaabab
bbaaabaaaa
babbbaaaabaaa
bbbbabaabba
abb
aaaab
a
bbaa
bbbababba
aabbbbabbbbabb
bbabbbbaaa
ab
a
a
bbaabaaa
ab
bbaa
aaab
aaab
bbaabbbaabaaa
baaa
bbbaaa
a
a
bbaaa
a
a
a
aaaabaabab
aaabbaaaabbab
ababbb
aababababab
aaabbababbb
a
b
aaababb
a
bbabbabaabbbaa
a
bba
aaab
abaababaabb
aababbb
b
ba
baabaaaa
aabbbabbb
babaaaaa
aaaaab
bbaaaabaaaa
a
aaababb
ababaaabaaabb
aaababb
aababb
bbabababaaa
a
a
aabbaababbabb
bbababaaabbaa
b
aababaabbb
aabbbaababbbb
ab
aaabbabaabb
bbbbbaa
ab
baaabbaaaaa
a
babbaa
bbaabbabbbabaa
abbb
abbaaaaabbb
aaab
babaaaaabbbaaaa
bba
aaaaabbababb
aaaab
bbaaba
bbbaaaba
bbbbbbbbbaabaa
aaab
aaabaaabab
bba
bbaa
ba
abababaaaabbb
aabb
aab
aaaabbbabab
baaa
bbaabaaa
aaaaabab
abbbb
ab
a
baa
aababaaaabb
aabbbbbbbbbb
abaaabb
bbaaa
aaaababaabbbb
babbbaabbbaaa
aabb
a
bbaaba
aaabbbbbbabb
aaaab
aaaabbaabb
a
aabbaaabbb
b
bbaaaa
a
bbaaaaa
a
bababbbbaa
bbaa
ababbabbbb
aaabbaaaabaab
babbaabaaabbaa
bbbaabbaaaba
b
abababb
abababb
ababbabb
ab
bbbbabbaa
b
bbbaabba
bbbbaaabbaa
bbbabbabbaaaa
a
babbbaaaaa
ababaaabaaabb
babbbbbbaa
bbabbbaaaaaaa
aaababbbbbabb
baaa
aaaaab
a
aababaabbb
a
aaab
bbaa
a
bbbbababba
abaabbabb
aabababbaabbb
baaa
baaaaa
abbaabaabbb
a
aababbabbbabbab
aabbababab
a
ababbb
abaabbbbbb
bbbaaaa
aaaaabaaabbab
a
bbaababaabaa
abbabaabbb
a
aab
aaab
bbabbbbbaba
aaaaaab
bbabbaabbaaaa
a
bababaaaaaa
a
a
aaababb
aabbaabbab
aaaaaaaab
a
abbbaaabbbb
bbbabababaa
aaabbb
bbaa
baaaaa
bbbbbbbaaa
ababbb
aaabababaab
bababaaaa
aaabbaabab
aaaabaaaabab
babbaaa
ababaaabb
bbaaa
babbaa
aaaab
abaabbbabb
babbbabaabbaa
abbaaabababbb
bbbbabaa
ababaaabbbb
bbbbbaabaaa
aaabbaabababab
ab
b
aaaab
a
a
ab
ab
aaaaab
bbbbaabaa
aaaaabaaaab
aaaaaab
aabbbaaabbab
aaabbaaababb
baa
abbababaabbabbb
abaaabbbbbbbb
b
aabaabbbbab
a
ababbbabbb
bbbbbaa
aaaababaabb
ababaaaaabbb
a
a
abbb
bbaaba
bbbbababba
abbaaabbbbabbb
bbbbbaaaabba
bbabbaabaa
bbaabbbbaaaba
aaab
a
bbbaaaabaaa
bbabbababa
a
a
a
bbbbbbbbba
aab
aaaaaaaaabbbaab
aaaab
aaab
aabaaabbbab
aaabbbabab
babbabbbabbbaaa
babaaaaaa
bbbaaaabaaa
aaaaaabab
a
baaaaa
a
bbabbaaabaa
bbaaaaabaaaaa
bbabbaaaaa
a
aabaababaabb
bbbabbbabaaba
a
babbaa
aaab
b
bababaaaaaabbaa
bbbabaaaaaaaa
b
aababbbaabbb
aaab
aaaab
bbbaaaba
babbaa
aaab
aaababbbbab
babbaaa
bbaaba
aabaabb
bbbabaa
ababbaabbbb
bbbbabbbaaa
babbaaaa
bbaa
a
bbbabbaabaaa
abbaabbbabbbb
ab
aaabbababbb
aaab
aaaabaabaaaaabb
babbbbabaaa
bbbaaaaaa
a
aaab
a
baaa
b
babbaaaaaa
aaababaabbbbab
babbabbabbabbaa
aaabaab
aaaaabbaab
b
bbbabba
baaaaa
aabbaabbabbab
abababaaaaabb
bbbbbbaaababba
baaa
a
b
aabbbabbbb
a
aabbbabbababb
a
b
baaaaa
aaabbabaaaababb
aaaabbbab
bbaaabbbaba
aaabbbbabab
a
abbaabbb
bbbabaa
aaaab
aaaabbbbbbbbb
a
aaab
bbbbbaabbbbbaaa
babbabbaaa
bbbbbaabaabaa
abaabbbaabbaabb
a
aabbabababb
a
bbababbbabaa
bba
bbbaabaaa
aaabaaabbabbab
bbbbbbba
bbbaaa
aaaaaaaabab
abaabbb
aaaaab
abbbb
aaab
abaabbababbbbb
aaaaab
aababb
aaaab
aaabbb
abababbabb
b
bbababaabbbaa
aaab
ab
aaabaabbaaaabb
aaaaabbaab
abbbabbbbbb
a
abbb
aaaab
bbbbaaaaabaaaa
ababb
ab
aababaabbaabbbb
b
aaabbaabaabb
ab
a
a
aaab
baaabababaaaa
bbaa
baaaa
aababbabab
aaab
aaaaaaab
baaa
a
baaa
abbb
aaabb
abbb
b
bababaa
bababbaaaaa
aabbabababb
aabbab
b
aabb
bbbbabbabbbabba
aaaaab
a
aaab
bbbaaaaba
aaaaaab
aabbbabbababb
aabbb
a
aabbbbbb
b
bbbbbabaa
aaaaabaab
bbba
bbaaaba
abbb
a
ba
babbaaa
ababbbbbabb
aaabbbbb
aabbaabaabababb
babbbaabaaaaa
bbbaa
aaab
a
aaaaabab
a
ab
babbbbabaaaaa
aababb
ababbaaaabb
aabababab
aabbbb
aaaab
bbaaaabaaaa
aaaaab
ababbbabb
bbabbbbaabbaaa
bababbbbabaaaa
bbbbbaaaaaaaa
baaaaaaaaa
aaaab
b
bbabaabaaabbaa
bbaabbbabaabaaa
aaaaaaabbb
a
aaaabbb
bbba
bbaa
aaabbab
abbb
bbbababba
b
b
babababaa
aaabb
bbbbbaabaabaa
abbbbbbbbb
bbbabbababbbaaa
aabb
aaab
abbb
aaaabaaababab
babbaaa
aaabbabb
aababb
baaaaaa
aaaaabb
bbabaabaa
a
ababbbbbaabbb
babaaa
aabbbabbbabbbbb
ab
abaaaaaabbabb
a
abb
bbaa
aaabababb
