bbbaaaaa
ababaaabaabb
bbba
bbaaaabbaba
aaaaaabaabaab
bbbbbaa
bbabaaaaba
aaaabab
aabbbabbababb
bbabaabaabbaa
aab
aaab
ababbababbbbb
bbabaabbaa
b
bbaaabbabbabaa
aaab
aabaabbaababb
aabb
aaab
b
bbbbabbbaababaa
aabbbab
b
bbabababaaaba
b
abb
a
baabbbbaaaa
b
bbabaa
aaaaabbaab
ababbb
bbbbaaaabaaaa
bbbabbabbbaba
abbbbbbb
bbbababbaa
aab
a
aaaabababbabb
abb
b
bababbabaa
bbbbabaaaa
a
aaabaaabab
ba
a
aaaaabaab
aaabbaabbbb
ab
aaabbbab
a
a
abbb
aaab
a
b
bbbbbababaaaba
a
aab
ab
aaaab
b
baaa
babbaa
abbb
a
aab
bbabbabbaabaa
aabbaaaaabbbbbb
aababbb
abaaabb
baa
bbabbbbaaaa
b
bababababaaaaa
aabaaabbb
bbabbaba
a
abb
aaabaabaabb
aab
ba
aab
abaaaabaaaabb
aababbbaabb
baaaaa
bbaabaabaa
aaab
a
a
bbbaababaabba
aaab
baaaaa
bbbabba
ab
aabaaabbb
abbbb
b
bbaaa
baa
ababbabbbbb
aaabaaababbbb
aaab
aaaaaabab
abbabbb
aaaababaabbbab
aaabbbbabb
bbbabaabbaaaa
bbaaabbbaaaba
bababaaabaaaa
bbbabababa
aab
aaaaaabababab
bababbaaaaa
baaa
a
aaabbabbaabb
babaabbabbbaa
abbbbabbbabbbbb
a
aaaabaabbb
babaabbaaa
aabb
abbb
a
abababbbb
a
b
aaaaaaab
aaaaaaaab
b
babbababaa
baaa
ababbabbabbbb
a
bbabbbbaaa
ab
aaaababbbabab
aabaaaabbb
a
aabbaabbaababbb
aabaabab
a
a
ab
bbaabaa
a
babbaa
b
bbabaaa
bbbabaaa
bbbbbabbaa
aaab
aabbaababbb
aaaaaaaaaab
aababb
aaab
abaabbaabb
baaabbbaabaaaa
bbaaabbbbaaabaa
abababbabbbb
aabaabab
abaabbabb
bbabbbbaaaaaa
aababbb
aaaaaaabbaaabab
baabababaaaaa
aaababbbaab
a
aabababbbb
ababbb
ba
b
a
baaaa
b
ba
ab
baaa
aabbbb
a
b
bbbaaaa
aabb
aababab
b
aabbbabbabbb
ab
abbaaaababbbb
abbb
bbbbabba
bbaabbbabbaba
aaababbbbbaab
a
bbbabbbbabbaa
a
a
baaabababaaaa
aaaabbbaababab
baababbaaa
aabbab
aaabbab
a
aaaabb
a
aababb
abababb
a
bbbaba
a
a
bbbbaaaaaaa
abaabaaabb
aababbb
ababbbabb
b
abbb
bbaaaa
baaaaaaaaaa
aaab
bbabaabaaa
aaaabbbabaabb
bbabaa
aabbaabab
aababb
ababb
aaababbbbb
bbbbbabbbabbbaa
abbb
bbbbbbabbbaaa
ababbbabbb
aaaab
abaaabaabbbbb
ab
bbbabba
baaaaaa
aababaabbb
aabbbbaababbb
bbaa
abaaabbabbb
bababbbaaa
aaaababb
bbaababababaaaa
abaabbbababb
bbbaaaa
babababaaaa
ab
bbbaaba
aaaabaab
bbaaabbbaba
babbaa
b
b
bbabbbbaaaabaa
aab
ab
bbaaa
aaabaaabab
b
ababaabbabbbabb
babababaaaaaaa
a
bbbabaababaa
bbbabbbbaaaaa
aaab
bbaabaa
ababbaaabb
aaabbbabab
ababbb
abaaabb
a
aabaaabbbbbab
bbabbabaaa
aaab
b
bbaabaaba
abaabb
aabaababb
bbaa
aaaaaab
b
aab
abababb
ab
aaaabaabbb
aabaaabbaabbab
bbbbaaa
a
ab
b
bbabbababaa
aabb
aabaabaabb
bababbabbabbaa
aaabababbbbbb
a
b
a
bbbbbaa
aaab
aaabbab
baabaaa
abababb
aaab
babaaaa
a
aabaababbbabb
a
baaaa
aabaabbab
babaaaabaaa
abbaaaaababbb
bbbbaaa
aab
abaaabb
bbabaabbaaaa
aaaabaaabb
aab
a
a
aaababb
aaab
a
bbabaaababaaa
babbaa
b
aabbaababbb
b
bbbbbbabbaababa
baaa
a
bbaba
a
ba
ba
baaaaaa
b
bbbaaa
aaaabababb
bbabbabaa
ab
aaabbbbaabaab
aaaabbbaaabbb
ababbabaaaabb
a
bbabbbaabaaba
bbaaaabaabaaa
bbababa
a
b
abababaaabb
aababbaabbb
aababbb
baaaaa
a
bbbaabbaaaaba
baabbabaaabaaaa
baabbbbaaa
a
bbbbaaabbabba
bbbbbabaaa
aaaaaaaabbbaab
aaab
baabaaaa
abaaabaabb
bbababa
a
babbbbaaaa
abbaaabbaaabbb
babbaa
babaa
aababbabbb
aababab
aaabaaabbbaabbb
bbaabbbaba
bbbbaaabba
aaab
abbbaaabbbbb
babaaaa
a
a
aaabbaabbb
b
bbaaaaaa
abbb
aaaababbabbb
bbababbaaaaaa
bbbababaabaaa
aab
ba
ababbbbbbabbb
aab
aaaaaab
aaaab
aabbbabb
bbba
babbaaaababaaa
bbbbaaabba
aabababbbb
aabbabbabab
bba
bbaabbbbbaabaa
aaab
b
a
bbababa
aaaaaab
bbbbbaa
bbabbababa
bbbbaaababba
aababb
bbbaaabaabbaa
bbbbabbaba
bbbbbbabbbaabaa
baaaa
aababb
abbb
a
a
aaabaab
b
a
aaab
aaaababaabaaab
babbbbaabbaaa
bbababa
abbb
aaab
aaaabbbbbbab
aabbabbabbbbabb
aab
aabbbbabbb
a
aaababbbaabbb
bba
aababbb
aabbaababab
aaaaaabaab
bbbbaabbbbabba
aabaabbaabbbb
ababbaaabbbbb
bbbbabaa
baaaaa
aaaabbaaab
aababaabb
aababaaabbbbb
b
aaabab
b
bbabbaaba
bbbbabbaabbbaa
b
aaaaaab
aabbaaaababbb
aabaabbbbbaaabb
bbabaa
bba
a
baa
aaaaab
a
baaa
bbaaba
babaabaaaa
abbbbbbb
babbbbaaabbbaaa
a
babaababbbaa
aabab
a
bbba
bbbaa
a
aaaab
bbbbaaaaaba
b
aaaaaab
bbaaa
a
aabaabbaaabb
a
aaab
aabab
aaaababbbb
baaa
aababbb
abbb
b
bbbbaabbabbaa
bbbaaa
bbabbbaba
aaaabbbbab
abbb
aaababbbbab
babbbaaaaa
aaaaaaaaab
bbbbaaa
b
